! Started logfile: difmap.log on Sun Feb  9 21:20:59 2025
![@/usr/local/difmap/uvf_difmap_2.5g/difmap.boot]
! Obeying initialization file: /usr/local/difmap/uvf_difmap_2.5g/difmap.boot
device /xw
! Attempting to open device: '/xw'
pgscr 2,1,0,1
float x_cmp
float y_cmp
float fl_cmp
![Exited script file: /usr/local/difmap/uvf_difmap_2.5g/difmap.boot]
![@3C111_Q_2014_05_08.par]
mapunits mas
! Distances in the map plane now have units: milli-arcsec.
! Distances in the UV plane now have units: mega-wavelengths.
multi_model true
! Maintain separate models for each channel/polarization selection.
get 3C111_Q_2014_05_08
! Reading UV FITS file: 3C111_Q_2014_05_08.uvf
! AN table 1: 214 integrations on 36 of 36 possible baselines.
! Apparent sampling: 0.562695 visibilities/baseline/integration-bin.
! Found source: 3C111
! 
! There are 8 IFs, and a total of 8 channels:
! 
!  IF  Channel    Frequency  Freq offset  Number of   Overall IF
!       origin    at origin  per channel   channels    bandwidth
!  ------------------------------------------------------------- (Hz)
!  01        1  4.36759e+10      3.2e+07          1      3.2e+07
!  02        2  4.37079e+10      3.2e+07          1      3.2e+07
!  03        3  4.37399e+10      3.2e+07          1      3.2e+07
!  04        4  4.37719e+10      3.2e+07          1      3.2e+07
!  05        5  4.38039e+10      3.2e+07          1      3.2e+07
!  06        6  4.38359e+10      3.2e+07          1      3.2e+07
!  07        7  4.38679e+10      3.2e+07          1      3.2e+07
!  08        8  4.38999e+10      3.2e+07          1      3.2e+07
! 
! Polarization(s): RR LL RL LR
! 
! Read 2939 lines of history.
! 
! Reading 138720 visibilities.
! A total of 486 model components were read from file 3C111_Q_2014_05_08.mod
! rwins: Read 19 windows from 3C111_Q_2014_05_08.win
! Read 486 model components for stokes I, channels 1, 8
! Read 168 model components for stokes Q, channels 1, 8
mapsize 1024,0.02, 1024,0.02
! Map grid = 1024x1024 pixels with 0.0200x0.0200 milli-arcsec cellsize.
select I, 1, 8
! clrmod: Cleared the established and tentative models.
! Restored previously made model of latest selection.
! Selecting polarization: I,  channels: 1..8
! Reading IF 1 channels: 1..1
! Reading IF 2 channels: 2..2
! Reading IF 3 channels: 3..3
! Reading IF 4 channels: 4..4
! Reading IF 5 channels: 5..5
! Reading IF 6 channels: 6..6
! Reading IF 7 channels: 7..7
! Reading IF 8 channels: 8..8
uvtaper 0, 0
! No UV-taper is currently set.
uvrange 0, 0
! The full UV range of the data is currently selected for gridding.
uvweight 0, -1, false
! Uniform weighting is not currently selected.
! Gridding weights will be scaled by errors raised to the power -1.
! Radial weighting is not currently selected.
selftaper 0, 0
! No selfcal UV-taper is currently set.
selflims 0, 0, false
! Syntax error in line:
! selflims 0, 0, false
!                     ^
! Illegal logical operand where a float was expected
![Exited script file: 3C111_Q_2014_05_08.par]
! 
rmod 3C111_Q_2014_05_08.mfit
! clrmod: Cleared the established and tentative models.
! A total of 9 model components were read from file 3C111_Q_2014_05_08.mfit
wmap 3C111_Q_2014_05_08.modelfits
! Adding 9 model components to the UV plane model.
! The established model now contains 9 components and 2.65211 Jy
! Inverting map and beam 
! Estimated beam: bmin=0.2605 mas, bmaj=0.4884 mas, bpa=-25.75 degrees
! Estimated noise=0.326729 mJy/beam.
! restore: Substituting estimate of restoring beam from last 'invert'.
! Restoring with beam: 0.2605 x 0.4884 at -25.75 degrees (North through East)
! Clean map  min=-0.0051343  max=1.3122 Jy/beam
! Writing clean map to FITS file: 3C111_Q_2014_05_08.modelfits
exit
! Exiting program
! Log file difmap.log closed on Sun Feb  9 21:21:14 2025
