! Started logfile: difmap.log on Sun Feb  9 21:20:03 2025
![@/usr/local/difmap/uvf_difmap_2.5g/difmap.boot]
! Obeying initialization file: /usr/local/difmap/uvf_difmap_2.5g/difmap.boot
device /xw
! Attempting to open device: '/xw'
pgscr 2,1,0,1
float x_cmp
float y_cmp
float fl_cmp
![Exited script file: /usr/local/difmap/uvf_difmap_2.5g/difmap.boot]
![@3C111_C_2014_05_08.par]
mapunits mas
! Distances in the map plane now have units: milli-arcsec.
! Distances in the UV plane now have units: mega-wavelengths.
multi_model true
! Maintain separate models for each channel/polarization selection.
get 3C111_C_2014_05_08
! Reading UV FITS file: 3C111_C_2014_05_08.uvf
! AN table 1: 119 integrations on 36 of 36 possible baselines.
! Apparent sampling: 0.739729 visibilities/baseline/integration-bin.
! Found source: 3C111
! 
! There are 8 IFs, and a total of 8 channels:
! 
!  IF  Channel    Frequency  Freq offset  Number of   Overall IF
!       origin    at origin  per channel   channels    bandwidth
!  ------------------------------------------------------------- (Hz)
!  01        1  4.86788e+09      3.2e+07          1      3.2e+07
!  02        2  4.89988e+09      3.2e+07          1      3.2e+07
!  03        3  4.93188e+09      3.2e+07          1      3.2e+07
!  04        4  4.96388e+09      3.2e+07          1      3.2e+07
!  05        5  4.99588e+09      3.2e+07          1      3.2e+07
!  06        6  5.02788e+09      3.2e+07          1      3.2e+07
!  07        7  5.05988e+09      3.2e+07          1      3.2e+07
!  08        8  5.09188e+09      3.2e+07          1      3.2e+07
! 
! Polarization(s): RR LL RL LR
! 
! Read 1756 lines of history.
! 
! Reading 101408 visibilities.
! A total of 1135 model components were read from file 3C111_C_2014_05_08.mod
! rwins: Read 72 windows from 3C111_C_2014_05_08.win
! Read 1135 model components for stokes I, channels 1, 8
! Read 244 model components for stokes Q, channels 1, 8
mapsize 2048,0.08, 2048,0.08
! Map grid = 2048x2048 pixels with 0.0800x0.0800 milli-arcsec cellsize.
select I, 1, 8
! clrmod: Cleared the established and tentative models.
! Restored previously made model of latest selection.
! Selecting polarization: I,  channels: 1..8
! Reading IF 1 channels: 1..1
! Reading IF 2 channels: 2..2
! Reading IF 3 channels: 3..3
! Reading IF 4 channels: 4..4
! Reading IF 5 channels: 5..5
! Reading IF 6 channels: 6..6
! Reading IF 7 channels: 7..7
! Reading IF 8 channels: 8..8
uvtaper 0, 0
! No UV-taper is currently set.
uvrange 0, 0
! The full UV range of the data is currently selected for gridding.
uvweight 0, -1, false
! Uniform weighting is not currently selected.
! Gridding weights will be scaled by errors raised to the power -1.
! Radial weighting is not currently selected.
selftaper 0, 0
! No selfcal UV-taper is currently set.
selflims 0, 0, false
! Syntax error in line:
! selflims 0, 0, false
!                     ^
! Illegal logical operand where a float was expected
![Exited script file: 3C111_C_2014_05_08.par]
! 
mapl cln
! Adding 2270 model components to the UV plane model.
! The established model now contains 1135 components and 2.92537 Jy
! Inverting map and beam 
! Estimated beam: bmin=1.934 mas, bmaj=3.059 mas, bpa=-7.262 degrees
! Estimated noise=0.0783395 mJy/beam.
! restore: Substituting estimate of restoring beam from last 'invert'.
! Restoring with beam: 1.934 x 3.059 at -7.262 degrees (North through East)
! Clean map  min=-0.00079062  max=1.8045 Jy/beam
! 
! Move the cursor into the plot window and press 'H' for help
rmod 3C111_C_2014_05_08.mfit
! clrmod: Cleared the established and tentative models.
! A total of 8 model components were read from file 3C111_C_2014_05_08.mfit
mapl cln
! Adding 8 model components to the UV plane model.
! The established model now contains 8 components and 2.92258 Jy
! Inverting map 
! restore: Substituting estimate of restoring beam from last 'invert'.
! Restoring with beam: 1.934 x 3.059 at -7.262 degrees (North through East)
! Clean map  min=-0.0029051  max=1.8124 Jy/beam
! 
! Move the cursor into the plot window and press 'H' for help
wmap 3C111_C_2014_05_08.modelfits
! Writing clean map to FITS file: 3C111_C_2014_05_08.modelfits
exit
! Exiting program
! Log file difmap.log closed on Sun Feb  9 21:20:51 2025
