! Started logfile: difmap.log on Sun Feb  9 21:22:11 2025
![@/usr/local/difmap/uvf_difmap_2.5g/difmap.boot]
! Obeying initialization file: /usr/local/difmap/uvf_difmap_2.5g/difmap.boot
device /xw
! Attempting to open device: '/xw'
pgscr 2,1,0,1
float x_cmp
float y_cmp
float fl_cmp
![Exited script file: /usr/local/difmap/uvf_difmap_2.5g/difmap.boot]
![@3C111_X_2014_05_08.par]
mapunits mas
! Distances in the map plane now have units: milli-arcsec.
! Distances in the UV plane now have units: mega-wavelengths.
multi_model true
! Maintain separate models for each channel/polarization selection.
get 3C111_X_2014_05_08
! Reading UV FITS file: 3C111_X_2014_05_08.uvf
! AN table 1: 119 integrations on 36 of 36 possible baselines.
! Apparent sampling: 0.728058 visibilities/baseline/integration-bin.
! Found source: 3C111
! 
! There are 8 IFs, and a total of 8 channels:
! 
!  IF  Channel    Frequency  Freq offset  Number of   Overall IF
!       origin    at origin  per channel   channels    bandwidth
!  ------------------------------------------------------------- (Hz)
!  01        1  8.30388e+09      3.2e+07          1      3.2e+07
!  02        2  8.33588e+09      3.2e+07          1      3.2e+07
!  03        3  8.36788e+09      3.2e+07          1      3.2e+07
!  04        4  8.39988e+09      3.2e+07          1      3.2e+07
!  05        5  8.43188e+09      3.2e+07          1      3.2e+07
!  06        6  8.46388e+09      3.2e+07          1      3.2e+07
!  07        7  8.49588e+09      3.2e+07          1      3.2e+07
!  08        8  8.52788e+09      3.2e+07          1      3.2e+07
! 
! Polarization(s): RR LL RL LR
! 
! Read 3250 lines of history.
! 
! Reading 99808 visibilities.
! A total of 1555 model components were read from file 3C111_X_2014_05_08.mod
! rwins: Read 18 windows from 3C111_X_2014_05_08.win
! Read 1555 model components for stokes I, channels 1, 8
! Read 276 model components for stokes Q, channels 1, 8
mapsize 2048,0.04, 2048,0.04
! Map grid = 2048x2048 pixels with 0.0400x0.0400 milli-arcsec cellsize.
select I, 1, 8
! clrmod: Cleared the established and tentative models.
! Restored previously made model of latest selection.
! Selecting polarization: I,  channels: 1..8
! Reading IF 1 channels: 1..1
! Reading IF 2 channels: 2..2
! Reading IF 3 channels: 3..3
! Reading IF 4 channels: 4..4
! Reading IF 5 channels: 5..5
! Reading IF 6 channels: 6..6
! Reading IF 7 channels: 7..7
! Reading IF 8 channels: 8..8
uvtaper 0, 0
! No UV-taper is currently set.
uvrange 0, 0
! The full UV range of the data is currently selected for gridding.
uvweight 0, -1, false
! Uniform weighting is not currently selected.
! Gridding weights will be scaled by errors raised to the power -1.
! Radial weighting is not currently selected.
selftaper 0, 0
! No selfcal UV-taper is currently set.
selflims 0, 0, false
! Syntax error in line:
! selflims 0, 0, false
!                     ^
! Illegal logical operand where a float was expected
![Exited script file: 3C111_X_2014_05_08.par]
! 
rmod 3C111_X_2014_05_08.mfit
! clrmod: Cleared the established and tentative models.
! A total of 9 model components were read from file 3C111_X_2014_05_08.mfit
save 3C111_X_2014_05_08.modelfits
! Writing UV FITS file: 3C111_X_2014_05_08.modelfits.uvf
! Writing 9 model components to file: 3C111_X_2014_05_08.modelfits.mod
! wwins: Wrote 18 windows to 3C111_X_2014_05_08.modelfits.win
! Adding 9 model components to the UV plane model.
! The established model now contains 9 components and 3.82165 Jy
! Inverting map and beam 
! Estimated beam: bmin=1.127 mas, bmaj=1.777 mas, bpa=-10.92 degrees
! Estimated noise=0.126468 mJy/beam.
! restore: Substituting estimate of restoring beam from last 'invert'.
! Restoring with beam: 1.127 x 1.777 at -10.92 degrees (North through East)
! Clean map  min=-0.007004  max=2.2902 Jy/beam
! Writing clean map to FITS file: 3C111_X_2014_05_08.modelfits.fits
! Writing difmap environment to: 3C111_X_2014_05_08.modelfits.par
exit
! Exiting program
! Log file difmap.log closed on Sun Feb  9 21:22:27 2025
